<?xml version="1.0" encoding="UTF-8"?>
<!-- Generated by org.testng.reporters.JUnitXMLReporter -->
<testsuite hostname="MSTSYS0093" ignored="0" name="Default test" tests="1" failures="0" timestamp="29 Mar 2019 11:45:49 GMT" time="0.04" errors="0">
  <testcase name="@BeforeTest login" time="0.0" classname="com.mst.automation.asld.basetest.BaseTest">
    <failure type="org.testng.TestNGException" message="
Parameter &amp;apos;browser&amp;apos; is required by BeforeTest on method login but has not been marked @Optional or defined
in C:\Users\MSTSYS-0093\AppData\Local\Temp\testng-eclipse--1157895680\testng-customsuite.xml">
      <![CDATA[org.testng.TestNGException: 
Parameter 'browser' is required by BeforeTest on method login but has not been marked @Optional or defined
in C:\Users\MSTSYS-0093\AppData\Local\Temp\testng-eclipse--1157895680\testng-customsuite.xml
	at org.testng.internal.Parameters.createParameters(Parameters.java:199)
	at org.testng.internal.Parameters.createParameters(Parameters.java:443)
	at org.testng.internal.Parameters.createConfigurationParameters(Parameters.java:118)
	at org.testng.internal.Invoker.invokeConfigurations(Invoker.java:203)
	at org.testng.internal.Invoker.invokeConfigurations(Invoker.java:144)
	at org.testng.TestRunner.beforeRun(TestRunner.java:634)
	at org.testng.TestRunner.run(TestRunner.java:602)
	at org.testng.SuiteRunner.runTest(SuiteRunner.java:387)
	at org.testng.SuiteRunner.runSequentially(SuiteRunner.java:382)
	at org.testng.SuiteRunner.privateRun(SuiteRunner.java:340)
	at org.testng.SuiteRunner.run(SuiteRunner.java:289)
	at org.testng.SuiteRunnerWorker.runSuite(SuiteRunnerWorker.java:52)
	at org.testng.SuiteRunnerWorker.run(SuiteRunnerWorker.java:86)
	at org.testng.TestNG.runSuitesSequentially(TestNG.java:1293)
	at org.testng.TestNG.runSuitesLocally(TestNG.java:1218)
	at org.testng.TestNG.runSuites(TestNG.java:1133)
	at org.testng.TestNG.run(TestNG.java:1104)
	at org.testng.remote.AbstractRemoteTestNG.run(AbstractRemoteTestNG.java:115)
	at org.testng.remote.RemoteTestNG.initAndRun(RemoteTestNG.java:251)
	at org.testng.remote.RemoteTestNG.main(RemoteTestNG.java:77)
]]>
    </failure>
  </testcase> <!-- @BeforeTest login -->
  <testcase name="@AfterMethod checkTestAfterExecution" time="0.0" classname="com.mst.automation.asld.basetest.BaseTest">
    <skipped/>
  </testcase> <!-- @AfterMethod checkTestAfterExecution -->
  <testcase name="@AfterTest logout" time="0.0" classname="com.mst.automation.asld.basetest.BaseTest">
    <skipped/>
  </testcase> <!-- @AfterTest logout -->
  <testcase name="formExecutionPage" time="0.004" classname="com.mst.automation.asld.regression.AsldApplication">
    <skipped/>
  </testcase> <!-- formExecutionPage -->
</testsuite> <!-- Default test -->
